<?xml version="1.0" encoding="UTF-8"?>
<testsuite xmlns:xsi="http://www.w3.org/2001/XMLSchema-instance" xsi:noNamespaceSchemaLocation="https://maven.apache.org/surefire/maven-surefire-plugin/xsd/surefire-test-report-3.0.xsd" version="3.0" name="com.company.greetingapp.GreetingAppTests" time="5.283" tests="1" errors="0" skipped="0" failures="0">
  <properties>
[...]
</properties>
  <testcase name="contextLoads" classname="com.company.greetingapp.GreetingAppTests" time="1.696">
    <system-out><![CDATA[18:03:21.580 [main] INFO org.springframework.test.context.support.AnnotationConfigContextLoaderUtils -- Could not detect default configuration classes for test class [com.company.greetingapp.GreetingAppTests]: GreetingAppTests does not declare any static, non-private, non-final, nested classes annotated with @Configuration.
18:03:21.898 [main] INFO org.springframework.boot.test.context.SpringBootTestContextBootstrapper -- Found @SpringBootConfiguration com.company.greetingapp.GreetingApp for test class com.company.greetingapp.GreetingAppTests

  .   ____          _            __ _ _
 /\\ / ___'_ __ _ _(_)_ __  __ _ \ \ \ \
( ( )\___ | '_ | '_| | '_ \/ _` | \ \ \ \
 \\/  ___)| |_)| | | | | || (_| |  ) ) ) )
  '  |____| .__|_| |_|_| |_\__, | / / / /
 =========|_|==============|___/=/_/_/_/
 :: Spring Boot ::                (v3.1.3)

2023-10-07T18:03:22.714+03:00  INFO 9012 --- [           main] c.company.greetingapp.GreetingAppTests   : Starting GreetingAppTests using Java 17.0.8.1 with PID 9012 (started by User in C:\Users\User\Desktop\GreetingApp)
2023-10-07T18:03:22.717+03:00  INFO 9012 --- [           main] c.company.greetingapp.GreetingAppTests   : No active profile set, falling back to 1 default profile: "default"
2023-10-07T18:03:24.826+03:00  INFO 9012 --- [           main] c.company.greetingapp.GreetingAppTests   : Started GreetingAppTests in 2.584 seconds (process running for 4.356)
]]></system-out>
  </testcase>
</testsuite>